Using pre-set license
Built from '2020.3/staging' branch; Version is '2020.3.32f1 (12f8b0834f07) revision 1243312'; Using compiler version '192528614'; Build Type 'Release'
OS: 'Windows 10  (10.0.19044) 64bit Professional' Language: 'ja' Physical Memory: 16194 MB
BatchMode: 1, IsHumanControllingUs: 0, StartBugReporterOnCrash: 0, Is64bit: 1, IsPro: 0

COMMAND LINE ARGUMENTS:
D:\Unity_\2020.3.32f1\Editor\Unity.exe
-adb2
-batchMode
-noUpm
-name
AssetImportWorker0
-projectPath
D:/Unity_/Project/MarichaShooter
-logFile
Logs/AssetImportWorker0.log
-srvPort
62043
Successfully changed project path to: D:/Unity_/Project/MarichaShooter
D:/Unity_/Project/MarichaShooter
Using Asset Import Pipeline V2.
Refreshing native plugins compatible for Editor in 138.69 ms, found 3 plugins.
Preloading 0 native plugins for Editor in 0.00 ms.
Initialize engine version: 2020.3.32f1 (12f8b0834f07)
[Subsystems] Discovering subsystems at path D:/Unity_/2020.3.32f1/Editor/Data/Resources/UnitySubsystems
[Subsystems] Discovering subsystems at path D:/Unity_/Project/MarichaShooter/Assets
GfxDevice: creating device client; threaded=0
Direct3D:
    Version:  Direct3D 11.0 [level 11.1]
    Renderer: NVIDIA GeForce GTX 1070 (ID=0x1b81)
    Vendor:   
    VRAM:     8088 MB
    Driver:   30.0.15.1123
Initialize mono
Mono path[0] = 'D:/Unity_/2020.3.32f1/Editor/Data/Managed'
Mono path[1] = 'D:/Unity_/2020.3.32f1/Editor/Data/MonoBleedingEdge/lib/mono/unityjit'
Mono config path = 'D:/Unity_/2020.3.32f1/Editor/Data/MonoBleedingEdge/etc'
Using monoOptions --debugger-agent=transport=dt_socket,embedding=1,server=y,suspend=n,address=127.0.0.1:56816
Begin MonoManager ReloadAssembly
Registering precompiled unity dll's ...
Register platform support module: D:/Unity_/2020.3.32f1/Editor/Data/PlaybackEngines/WebGLSupport/UnityEditor.WebGL.Extensions.dll
Register platform support module: D:/Unity_/2020.3.32f1/Editor/Data/PlaybackEngines/WindowsStandaloneSupport/UnityEditor.WindowsStandalone.Extensions.dll
Registered in 0.001994 seconds.
Native extension for WindowsStandalone target not found
Native extension for WebGL target not found
Refreshing native plugins compatible for Editor in 49.41 ms, found 3 plugins.
Preloading 0 native plugins for Editor in 0.00 ms.
Mono: successfully reloaded assembly
- Completed reload, in  1.195 seconds
Domain Reload Profiling:
	ReloadAssembly (1195ms)
		BeginReloadAssembly (69ms)
			ExecutionOrderSort (0ms)
			DisableScriptedObjects (0ms)
			BackupInstance (0ms)
			ReleaseScriptingObjects (0ms)
			CreateAndSetChildDomain (1ms)
		EndReloadAssembly (1008ms)
			LoadAssemblies (69ms)
			RebuildTransferFunctionScriptingTraits (0ms)
			SetupTypeCache (421ms)
			ReleaseScriptCaches (0ms)
			RebuildScriptCaches (27ms)
			SetupLoadedEditorAssemblies (458ms)
				LogAssemblyErrors (0ms)
				InitializePlatformSupportModulesInManaged (4ms)
				SetLoadedEditorAssemblies (0ms)
				RefreshPlugins (49ms)
				BeforeProcessingInitializeOnLoad (50ms)
				ProcessInitializeOnLoadAttributes (262ms)
				ProcessInitializeOnLoadMethodAttributes (92ms)
				AfterProcessingInitializeOnLoad (0ms)
				EditorAssembliesLoaded (0ms)
			ExecutionOrderSort2 (0ms)
			AwakeInstancesAfterBackupRestoration (0ms)
Platform modules already initialized, skipping
Registering precompiled user dll's ...
Registered in 0.737780 seconds.
Begin MonoManager ReloadAssembly
Native extension for WindowsStandalone target not found
Native extension for WebGL target not found
Refreshing native plugins compatible for Editor in 76.96 ms, found 3 plugins.
Preloading 0 native plugins for Editor in 0.00 ms.
UNotes: Loading options from D:\Unity_\Project\MarichaShooter/ProjectSettings/UNotesOptions.dat
UnityEngine.StackTraceUtility:ExtractStackTrace ()
UnityEngine.DebugLogHandler:LogFormat (UnityEngine.LogType,UnityEngine.Object,string,object[])
UnityEngine.Logger:Log (UnityEngine.LogType,object)
UnityEngine.Debug:Log (object)
UNotesOptions:Load () (at Assets/Editor/UNotesOptionsWindow.cs:96)
UNotesOptions:get_instance () (at Assets/Editor/UNotesOptionsWindow.cs:66)
UNotesHInventory:LoadOrCreate () (at Assets/Editor/UNotesHInventory.cs:459)
UNotesHInventory:.cctor () (at Assets/Editor/UNotesHInventory.cs:79)
System.Runtime.CompilerServices.RuntimeHelpers:RunClassConstructor (System.RuntimeTypeHandle)
UnityEditor.EditorAssemblies:ProcessInitializeOnLoadAttributes (System.Type[])

(Filename: Assets/Editor/UNotesOptionsWindow.cs Line: 96)

D:\Unity_\Project\MarichaShooter/ProjectSettings/UNotesOptions.dat file does not found.
UnityEngine.StackTraceUtility:ExtractStackTrace ()
UnityEngine.DebugLogHandler:LogFormat (UnityEngine.LogType,UnityEngine.Object,string,object[])
UnityEngine.Logger:Log (UnityEngine.LogType,object)
UnityEngine.Debug:LogWarning (object)
UNotesOptions:Load () (at Assets/Editor/UNotesOptionsWindow.cs:107)
UNotesOptions:get_instance () (at Assets/Editor/UNotesOptionsWindow.cs:66)
UNotesHInventory:LoadOrCreate () (at Assets/Editor/UNotesHInventory.cs:459)
UNotesHInventory:.cctor () (at Assets/Editor/UNotesHInventory.cs:79)
System.Runtime.CompilerServices.RuntimeHelpers:RunClassConstructor (System.RuntimeTypeHandle)
UnityEditor.EditorAssemblies:ProcessInitializeOnLoadAttributes (System.Type[])

(Filename: Assets/Editor/UNotesOptionsWindow.cs Line: 107)

Mono: successfully reloaded assembly
- Completed reload, in  1.153 seconds
Domain Reload Profiling:
	ReloadAssembly (1154ms)
		BeginReloadAssembly (152ms)
			ExecutionOrderSort (0ms)
			DisableScriptedObjects (7ms)
			BackupInstance (0ms)
			ReleaseScriptingObjects (0ms)
			CreateAndSetChildDomain (18ms)
		EndReloadAssembly (953ms)
			LoadAssemblies (109ms)
			RebuildTransferFunctionScriptingTraits (0ms)
			SetupTypeCache (278ms)
			ReleaseScriptCaches (0ms)
			RebuildScriptCaches (47ms)
			SetupLoadedEditorAssemblies (434ms)
				LogAssemblyErrors (0ms)
				InitializePlatformSupportModulesInManaged (3ms)
				SetLoadedEditorAssemblies (0ms)
				RefreshPlugins (77ms)
				BeforeProcessingInitializeOnLoad (81ms)
				ProcessInitializeOnLoadAttributes (256ms)
				ProcessInitializeOnLoadMethodAttributes (14ms)
				AfterProcessingInitializeOnLoad (2ms)
				EditorAssembliesLoaded (0ms)
			ExecutionOrderSort2 (0ms)
			AwakeInstancesAfterBackupRestoration (6ms)
Platform modules already initialized, skipping
========================================================================
Worker process is ready to serve import requests
Launched and connected shader compiler UnityShaderCompiler.exe after 0.17 seconds
Refreshing native plugins compatible for Editor in 0.54 ms, found 3 plugins.
Preloading 0 native plugins for Editor in 0.00 ms.
Unloading 2380 Unused Serialized files (Serialized files now loaded: 0)
System memory in use before: 108.3 MB.
System memory in use after: 108.3 MB.

Unloading 33 unused Assets to reduce memory usage. Loaded Objects now: 2820.
Total: 2.982400 ms (FindLiveObjects: 0.167700 ms CreateObjectMapping: 0.080400 ms MarkObjects: 2.607400 ms  DeleteObjects: 0.126300 ms)

AssetImportParameters requested are different than current active one (requested -> active):
  custom:framework-win-MediaFoundation: 216162199b28c13a410421893ffa2e32 -> 
  custom:video-decoder-ogg-theora: a1e56fd34408186e4bbccfd4996cb3dc -> 
  custom:container-muxer-webm: aa71ff27fc2769a1b78a27578f13a17b -> 
  custom:container-demuxer-webm: 4f35f7cbe854078d1ac9338744f61a02 -> 
  custom:container-demuxer-ogg: 62fdf1f143b41e24485cea50d1cbac27 -> 
  custom:video-encoder-webm-vp8: eb34c28f22e8b96e1ab97ce403110664 -> 
  custom:video-decoder-webm-vp8: 9c59270c3fd7afecdb556c50c9e8de78 -> 
  custom:audio-decoder-ogg-vorbis: bf7c407c2cedff20999df2af8eb42d56 -> 
  custom:audio-encoder-webm-vorbis: bf7c407c2cedff20999df2af8eb42d56 -> 
========================================================================
Received Import Request.
  path: Assets/_Materials
  artifactKey: Guid(bdbbcd30f90a84f44af60fff89556ad4) Importer(815301076,1909f56bfc062723c751e8b465ee728b)
Start importing Assets/_Materials using Guid(bdbbcd30f90a84f44af60fff89556ad4) Importer(815301076,1909f56bfc062723c751e8b465ee728b)  -> (artifact id: '6b21767f0fcd112c768da6076b9a81db') in 0.010228 seconds 
========================================================================
Received Import Request.
  Time since last request: 85.011304 seconds.
  path: Assets/_Textures/れみりゃ01.png
  artifactKey: Guid(c01f2cb7142dbcf4191f60aed71be9a7) Importer(815301076,1909f56bfc062723c751e8b465ee728b)
Start importing Assets/_Textures/れみりゃ01.png using Guid(c01f2cb7142dbcf4191f60aed71be9a7) Importer(815301076,1909f56bfc062723c751e8b465ee728b)  -> (artifact id: '06e05f1d9507d1458a2e8aa15db5ee5a') in 0.154716 seconds 
========================================================================
Received Prepare
Registering precompiled user dll's ...
Registered in 0.003505 seconds.
Begin MonoManager ReloadAssembly
Native extension for WindowsStandalone target not found
Native extension for WebGL target not found
Refreshing native plugins compatible for Editor in 1.18 ms, found 3 plugins.
Preloading 0 native plugins for Editor in 0.00 ms.
UNotes: Loading options from D:\Unity_\Project\MarichaShooter/ProjectSettings/UNotesOptions.dat
UnityEngine.StackTraceUtility:ExtractStackTrace ()
UnityEngine.DebugLogHandler:LogFormat (UnityEngine.LogType,UnityEngine.Object,string,object[])
UnityEngine.Logger:Log (UnityEngine.LogType,object)
UnityEngine.Debug:Log (object)
UNotesOptions:Load () (at Assets/Editor/UNotesOptionsWindow.cs:96)
UNotesOptions:get_instance () (at Assets/Editor/UNotesOptionsWindow.cs:66)
UNotesHInventory:LoadOrCreate () (at Assets/Editor/UNotesHInventory.cs:459)
UNotesHInventory:.cctor () (at Assets/Editor/UNotesHInventory.cs:79)
System.Runtime.CompilerServices.RuntimeHelpers:RunClassConstructor (System.RuntimeTypeHandle)
UnityEditor.EditorAssemblies:ProcessInitializeOnLoadAttributes (System.Type[])

(Filename: Assets/Editor/UNotesOptionsWindow.cs Line: 96)

D:\Unity_\Project\MarichaShooter/ProjectSettings/UNotesOptions.dat file does not found.
UnityEngine.StackTraceUtility:ExtractStackTrace ()
UnityEngine.DebugLogHandler:LogFormat (UnityEngine.LogType,UnityEngine.Object,string,object[])
UnityEngine.Logger:Log (UnityEngine.LogType,object)
UnityEngine.Debug:LogWarning (object)
UNotesOptions:Load () (at Assets/Editor/UNotesOptionsWindow.cs:107)
UNotesOptions:get_instance () (at Assets/Editor/UNotesOptionsWindow.cs:66)
UNotesHInventory:LoadOrCreate () (at Assets/Editor/UNotesHInventory.cs:459)
UNotesHInventory:.cctor () (at Assets/Editor/UNotesHInventory.cs:79)
System.Runtime.CompilerServices.RuntimeHelpers:RunClassConstructor (System.RuntimeTypeHandle)
UnityEditor.EditorAssemblies:ProcessInitializeOnLoadAttributes (System.Type[])

(Filename: Assets/Editor/UNotesOptionsWindow.cs Line: 107)

Mono: successfully reloaded assembly
- Completed reload, in  1.895 seconds
Domain Reload Profiling:
	ReloadAssembly (1895ms)
		BeginReloadAssembly (173ms)
			ExecutionOrderSort (0ms)
			DisableScriptedObjects (16ms)
			BackupInstance (0ms)
			ReleaseScriptingObjects (0ms)
			CreateAndSetChildDomain (32ms)
		EndReloadAssembly (1633ms)
			LoadAssemblies (196ms)
			RebuildTransferFunctionScriptingTraits (0ms)
			SetupTypeCache (498ms)
			ReleaseScriptCaches (1ms)
			RebuildScriptCaches (63ms)
			SetupLoadedEditorAssemblies (598ms)
				LogAssemblyErrors (0ms)
				InitializePlatformSupportModulesInManaged (15ms)
				SetLoadedEditorAssemblies (1ms)
				RefreshPlugins (1ms)
				BeforeProcessingInitializeOnLoad (226ms)
				ProcessInitializeOnLoadAttributes (302ms)
				ProcessInitializeOnLoadMethodAttributes (41ms)
				AfterProcessingInitializeOnLoad (10ms)
				EditorAssembliesLoaded (1ms)
			ExecutionOrderSort2 (0ms)
			AwakeInstancesAfterBackupRestoration (31ms)
Platform modules already initialized, skipping
Refreshing native plugins compatible for Editor in 0.54 ms, found 3 plugins.
Preloading 0 native plugins for Editor in 0.00 ms.
Unloading 2374 Unused Serialized files (Serialized files now loaded: 0)
System memory in use before: 111.2 MB.
System memory in use after: 111.3 MB.

Unloading 22 unused Assets to reduce memory usage. Loaded Objects now: 2829.
Total: 4.579300 ms (FindLiveObjects: 0.197900 ms CreateObjectMapping: 0.076800 ms MarkObjects: 4.097800 ms  DeleteObjects: 0.205500 ms)

AssetImportParameters requested are different than current active one (requested -> active):
  custom:framework-win-MediaFoundation: 216162199b28c13a410421893ffa2e32 -> 
  custom:video-decoder-ogg-theora: a1e56fd34408186e4bbccfd4996cb3dc -> 
  custom:container-muxer-webm: aa71ff27fc2769a1b78a27578f13a17b -> 
  custom:container-demuxer-webm: 4f35f7cbe854078d1ac9338744f61a02 -> 
  custom:container-demuxer-ogg: 62fdf1f143b41e24485cea50d1cbac27 -> 
  custom:video-encoder-webm-vp8: eb34c28f22e8b96e1ab97ce403110664 -> 
  custom:video-decoder-webm-vp8: 9c59270c3fd7afecdb556c50c9e8de78 -> 
  custom:audio-decoder-ogg-vorbis: bf7c407c2cedff20999df2af8eb42d56 -> 
  custom:audio-encoder-webm-vorbis: bf7c407c2cedff20999df2af8eb42d56 -> 
========================================================================
Received Import Request.
  Time since last request: 270.011395 seconds.
  path: Assets/Scenes/Stage01.unity
  artifactKey: Guid(26e328aefe230d04382209446fac2080) Importer(815301076,1909f56bfc062723c751e8b465ee728b)
Start importing Assets/Scenes/Stage01.unity using Guid(26e328aefe230d04382209446fac2080) Importer(815301076,1909f56bfc062723c751e8b465ee728b)  -> (artifact id: '5708fbd2a877bbd6f2675f23f87af3be') in 0.008973 seconds 
========================================================================
Received Import Request.
  Time since last request: 450.533381 seconds.
  path: Assets/Scenes/Stage01 1.unity
  artifactKey: Guid(d4e359317e39cb442ad3dfc98731ccb5) Importer(815301076,1909f56bfc062723c751e8b465ee728b)
Start importing Assets/Scenes/Stage01 1.unity using Guid(d4e359317e39cb442ad3dfc98731ccb5) Importer(815301076,1909f56bfc062723c751e8b465ee728b)  -> (artifact id: 'a801718baea6266c8b93b2dc371b3bee') in 0.007332 seconds 
========================================================================
Received Import Request.
  Time since last request: 2.707304 seconds.
  path: Assets/Scenes/Stage01.unity
  artifactKey: Guid(26e328aefe230d04382209446fac2080) Importer(815301076,1909f56bfc062723c751e8b465ee728b)
Start importing Assets/Scenes/Stage01.unity using Guid(26e328aefe230d04382209446fac2080) Importer(815301076,1909f56bfc062723c751e8b465ee728b)  -> (artifact id: '92efa493dbecdd2e7c76c6804ca2e640') in 0.005601 seconds 
========================================================================
Received Import Request.
  Time since last request: 6.486574 seconds.
  path: Assets/Scenes/Stage01.unity
  artifactKey: Guid(d4e359317e39cb442ad3dfc98731ccb5) Importer(815301076,1909f56bfc062723c751e8b465ee728b)
Start importing Assets/Scenes/Stage01.unity using Guid(d4e359317e39cb442ad3dfc98731ccb5) Importer(815301076,1909f56bfc062723c751e8b465ee728b)  -> (artifact id: 'c8cda3643580fd4562028e71eaa81c49') in 0.001705 seconds 
========================================================================
Received Prepare
Registering precompiled user dll's ...
Registered in 0.003506 seconds.
Begin MonoManager ReloadAssembly
Native extension for WindowsStandalone target not found
Native extension for WebGL target not found
Refreshing native plugins compatible for Editor in 0.55 ms, found 3 plugins.
Preloading 0 native plugins for Editor in 0.00 ms.
UNotes: Loading options from D:\Unity_\Project\MarichaShooter/ProjectSettings/UNotesOptions.dat
UnityEngine.StackTraceUtility:ExtractStackTrace ()
UnityEngine.DebugLogHandler:LogFormat (UnityEngine.LogType,UnityEngine.Object,string,object[])
UnityEngine.Logger:Log (UnityEngine.LogType,object)
UnityEngine.Debug:Log (object)
UNotesOptions:Load () (at Assets/Editor/UNotesOptionsWindow.cs:96)
UNotesOptions:get_instance () (at Assets/Editor/UNotesOptionsWindow.cs:66)
UNotesHInventory:LoadOrCreate () (at Assets/Editor/UNotesHInventory.cs:459)
UNotesHInventory:.cctor () (at Assets/Editor/UNotesHInventory.cs:79)
System.Runtime.CompilerServices.RuntimeHelpers:RunClassConstructor (System.RuntimeTypeHandle)
UnityEditor.EditorAssemblies:ProcessInitializeOnLoadAttributes (System.Type[])

(Filename: Assets/Editor/UNotesOptionsWindow.cs Line: 96)

D:\Unity_\Project\MarichaShooter/ProjectSettings/UNotesOptions.dat file does not found.
UnityEngine.StackTraceUtility:ExtractStackTrace ()
UnityEngine.DebugLogHandler:LogFormat (UnityEngine.LogType,UnityEngine.Object,string,object[])
UnityEngine.Logger:Log (UnityEngine.LogType,object)
UnityEngine.Debug:LogWarning (object)
UNotesOptions:Load () (at Assets/Editor/UNotesOptionsWindow.cs:107)
UNotesOptions:get_instance () (at Assets/Editor/UNotesOptionsWindow.cs:66)
UNotesHInventory:LoadOrCreate () (at Assets/Editor/UNotesHInventory.cs:459)
UNotesHInventory:.cctor () (at Assets/Editor/UNotesHInventory.cs:79)
System.Runtime.CompilerServices.RuntimeHelpers:RunClassConstructor (System.RuntimeTypeHandle)
UnityEditor.EditorAssemblies:ProcessInitializeOnLoadAttributes (System.Type[])

(Filename: Assets/Editor/UNotesOptionsWindow.cs Line: 107)

Mono: successfully reloaded assembly
- Completed reload, in  1.607 seconds
Domain Reload Profiling:
	ReloadAssembly (1607ms)
		BeginReloadAssembly (131ms)
			ExecutionOrderSort (0ms)
			DisableScriptedObjects (5ms)
			BackupInstance (0ms)
			ReleaseScriptingObjects (0ms)
			CreateAndSetChildDomain (37ms)
		EndReloadAssembly (1428ms)
			LoadAssemblies (126ms)
			RebuildTransferFunctionScriptingTraits (0ms)
			SetupTypeCache (355ms)
			ReleaseScriptCaches (2ms)
			RebuildScriptCaches (144ms)
			SetupLoadedEditorAssemblies (617ms)
				LogAssemblyErrors (0ms)
				InitializePlatformSupportModulesInManaged (5ms)
				SetLoadedEditorAssemblies (0ms)
				RefreshPlugins (1ms)
				BeforeProcessingInitializeOnLoad (92ms)
				ProcessInitializeOnLoadAttributes (507ms)
				ProcessInitializeOnLoadMethodAttributes (9ms)
				AfterProcessingInitializeOnLoad (2ms)
				EditorAssembliesLoaded (0ms)
			ExecutionOrderSort2 (0ms)
			AwakeInstancesAfterBackupRestoration (8ms)
Platform modules already initialized, skipping
Refreshing native plugins compatible for Editor in 0.70 ms, found 3 plugins.
Preloading 0 native plugins for Editor in 0.00 ms.
Unloading 2374 Unused Serialized files (Serialized files now loaded: 0)
System memory in use before: 111.3 MB.
System memory in use after: 111.3 MB.

Unloading 22 unused Assets to reduce memory usage. Loaded Objects now: 2832.
Total: 3.404500 ms (FindLiveObjects: 0.214900 ms CreateObjectMapping: 0.118900 ms MarkObjects: 2.937700 ms  DeleteObjects: 0.131900 ms)

AssetImportParameters requested are different than current active one (requested -> active):
  custom:framework-win-MediaFoundation: 216162199b28c13a410421893ffa2e32 -> 
  custom:video-decoder-ogg-theora: a1e56fd34408186e4bbccfd4996cb3dc -> 
  custom:container-muxer-webm: aa71ff27fc2769a1b78a27578f13a17b -> 
  custom:container-demuxer-webm: 4f35f7cbe854078d1ac9338744f61a02 -> 
  custom:container-demuxer-ogg: 62fdf1f143b41e24485cea50d1cbac27 -> 
  custom:video-encoder-webm-vp8: eb34c28f22e8b96e1ab97ce403110664 -> 
  custom:video-decoder-webm-vp8: 9c59270c3fd7afecdb556c50c9e8de78 -> 
  custom:audio-decoder-ogg-vorbis: bf7c407c2cedff20999df2af8eb42d56 -> 
  custom:audio-encoder-webm-vorbis: bf7c407c2cedff20999df2af8eb42d56 -> 
========================================================================
Received Import Request.
  Time since last request: 38.735826 seconds.
  path: Assets/Scenes/Stage01.unity
  artifactKey: Guid(d4e359317e39cb442ad3dfc98731ccb5) Importer(815301076,1909f56bfc062723c751e8b465ee728b)
Start importing Assets/Scenes/Stage01.unity using Guid(d4e359317e39cb442ad3dfc98731ccb5) Importer(815301076,1909f56bfc062723c751e8b465ee728b)  -> (artifact id: '72d0abf701dfdded1983b081ffc13125') in 0.005532 seconds 
========================================================================
Received Prepare
Registering precompiled user dll's ...
Registered in 0.003363 seconds.
Begin MonoManager ReloadAssembly
Native extension for WindowsStandalone target not found
Native extension for WebGL target not found
Refreshing native plugins compatible for Editor in 0.59 ms, found 3 plugins.
Preloading 0 native plugins for Editor in 0.00 ms.
UNotes: Loading options from D:\Unity_\Project\MarichaShooter/ProjectSettings/UNotesOptions.dat
UnityEngine.StackTraceUtility:ExtractStackTrace ()
UnityEngine.DebugLogHandler:LogFormat (UnityEngine.LogType,UnityEngine.Object,string,object[])
UnityEngine.Logger:Log (UnityEngine.LogType,object)
UnityEngine.Debug:Log (object)
UNotesOptions:Load () (at Assets/Editor/UNotesOptionsWindow.cs:96)
UNotesOptions:get_instance () (at Assets/Editor/UNotesOptionsWindow.cs:66)
UNotesHInventory:LoadOrCreate () (at Assets/Editor/UNotesHInventory.cs:459)
UNotesHInventory:.cctor () (at Assets/Editor/UNotesHInventory.cs:79)
System.Runtime.CompilerServices.RuntimeHelpers:RunClassConstructor (System.RuntimeTypeHandle)
UnityEditor.EditorAssemblies:ProcessInitializeOnLoadAttributes (System.Type[])

(Filename: Assets/Editor/UNotesOptionsWindow.cs Line: 96)

D:\Unity_\Project\MarichaShooter/ProjectSettings/UNotesOptions.dat file does not found.
UnityEngine.StackTraceUtility:ExtractStackTrace ()
UnityEngine.DebugLogHandler:LogFormat (UnityEngine.LogType,UnityEngine.Object,string,object[])
UnityEngine.Logger:Log (UnityEngine.LogType,object)
UnityEngine.Debug:LogWarning (object)
UNotesOptions:Load () (at Assets/Editor/UNotesOptionsWindow.cs:107)
UNotesOptions:get_instance () (at Assets/Editor/UNotesOptionsWindow.cs:66)
UNotesHInventory:LoadOrCreate () (at Assets/Editor/UNotesHInventory.cs:459)
UNotesHInventory:.cctor () (at Assets/Editor/UNotesHInventory.cs:79)
System.Runtime.CompilerServices.RuntimeHelpers:RunClassConstructor (System.RuntimeTypeHandle)
UnityEditor.EditorAssemblies:ProcessInitializeOnLoadAttributes (System.Type[])

(Filename: Assets/Editor/UNotesOptionsWindow.cs Line: 107)

Mono: successfully reloaded assembly
- Completed reload, in  1.031 seconds
Domain Reload Profiling:
	ReloadAssembly (1031ms)
		BeginReloadAssembly (131ms)
			ExecutionOrderSort (0ms)
			DisableScriptedObjects (6ms)
			BackupInstance (0ms)
			ReleaseScriptingObjects (0ms)
			CreateAndSetChildDomain (33ms)
		EndReloadAssembly (851ms)
			LoadAssemblies (126ms)
			RebuildTransferFunctionScriptingTraits (0ms)
			SetupTypeCache (325ms)
			ReleaseScriptCaches (1ms)
			RebuildScriptCaches (43ms)
			SetupLoadedEditorAssemblies (295ms)
				LogAssemblyErrors (0ms)
				InitializePlatformSupportModulesInManaged (5ms)
				SetLoadedEditorAssemblies (1ms)
				RefreshPlugins (1ms)
				BeforeProcessingInitializeOnLoad (71ms)
				ProcessInitializeOnLoadAttributes (206ms)
				ProcessInitializeOnLoadMethodAttributes (9ms)
				AfterProcessingInitializeOnLoad (2ms)
				EditorAssembliesLoaded (0ms)
			ExecutionOrderSort2 (0ms)
			AwakeInstancesAfterBackupRestoration (8ms)
Platform modules already initialized, skipping
Refreshing native plugins compatible for Editor in 0.68 ms, found 3 plugins.
Preloading 0 native plugins for Editor in 0.00 ms.
Unloading 2375 Unused Serialized files (Serialized files now loaded: 0)
System memory in use before: 111.3 MB.
System memory in use after: 111.4 MB.

Unloading 22 unused Assets to reduce memory usage. Loaded Objects now: 2836.
Total: 4.987600 ms (FindLiveObjects: 0.214800 ms CreateObjectMapping: 0.108400 ms MarkObjects: 4.533400 ms  DeleteObjects: 0.129700 ms)

AssetImportParameters requested are different than current active one (requested -> active):
  custom:framework-win-MediaFoundation: 216162199b28c13a410421893ffa2e32 -> 
  custom:video-decoder-ogg-theora: a1e56fd34408186e4bbccfd4996cb3dc -> 
  custom:container-muxer-webm: aa71ff27fc2769a1b78a27578f13a17b -> 
  custom:container-demuxer-webm: 4f35f7cbe854078d1ac9338744f61a02 -> 
  custom:container-demuxer-ogg: 62fdf1f143b41e24485cea50d1cbac27 -> 
  custom:video-encoder-webm-vp8: eb34c28f22e8b96e1ab97ce403110664 -> 
  custom:video-decoder-webm-vp8: 9c59270c3fd7afecdb556c50c9e8de78 -> 
  custom:audio-decoder-ogg-vorbis: bf7c407c2cedff20999df2af8eb42d56 -> 
  custom:audio-encoder-webm-vorbis: bf7c407c2cedff20999df2af8eb42d56 -> 
========================================================================
Received Import Request.
  Time since last request: 31.692153 seconds.
  path: Assets/Scenes/NewBehaviourScript.cs
  artifactKey: Guid(e59b4c0e211f1374f9c17ea75e435132) Importer(815301076,1909f56bfc062723c751e8b465ee728b)
Start importing Assets/Scenes/NewBehaviourScript.cs using Guid(e59b4c0e211f1374f9c17ea75e435132) Importer(815301076,1909f56bfc062723c751e8b465ee728b)  -> (artifact id: '6519cf96b8a77687684e45c0c907f257') in 0.045092 seconds 
========================================================================
Received Prepare
Registering precompiled user dll's ...
Registered in 0.003444 seconds.
Begin MonoManager ReloadAssembly
Native extension for WindowsStandalone target not found
Native extension for WebGL target not found
Refreshing native plugins compatible for Editor in 1.87 ms, found 3 plugins.
Preloading 0 native plugins for Editor in 0.00 ms.
UNotes: Loading options from D:\Unity_\Project\MarichaShooter/ProjectSettings/UNotesOptions.dat
UnityEngine.StackTraceUtility:ExtractStackTrace ()
UnityEngine.DebugLogHandler:LogFormat (UnityEngine.LogType,UnityEngine.Object,string,object[])
UnityEngine.Logger:Log (UnityEngine.LogType,object)
UnityEngine.Debug:Log (object)
UNotesOptions:Load () (at Assets/Editor/UNotesOptionsWindow.cs:96)
UNotesOptions:get_instance () (at Assets/Editor/UNotesOptionsWindow.cs:66)
UNotesHInventory:LoadOrCreate () (at Assets/Editor/UNotesHInventory.cs:459)
UNotesHInventory:.cctor () (at Assets/Editor/UNotesHInventory.cs:79)
System.Runtime.CompilerServices.RuntimeHelpers:RunClassConstructor (System.RuntimeTypeHandle)
UnityEditor.EditorAssemblies:ProcessInitializeOnLoadAttributes (System.Type[])

(Filename: Assets/Editor/UNotesOptionsWindow.cs Line: 96)

D:\Unity_\Project\MarichaShooter/ProjectSettings/UNotesOptions.dat file does not found.
UnityEngine.StackTraceUtility:ExtractStackTrace ()
UnityEngine.DebugLogHandler:LogFormat (UnityEngine.LogType,UnityEngine.Object,string,object[])
UnityEngine.Logger:Log (UnityEngine.LogType,object)
UnityEngine.Debug:LogWarning (object)
UNotesOptions:Load () (at Assets/Editor/UNotesOptionsWindow.cs:107)
UNotesOptions:get_instance () (at Assets/Editor/UNotesOptionsWindow.cs:66)
UNotesHInventory:LoadOrCreate () (at Assets/Editor/UNotesHInventory.cs:459)
UNotesHInventory:.cctor () (at Assets/Editor/UNotesHInventory.cs:79)
System.Runtime.CompilerServices.RuntimeHelpers:RunClassConstructor (System.RuntimeTypeHandle)
UnityEditor.EditorAssemblies:ProcessInitializeOnLoadAttributes (System.Type[])

(Filename: Assets/Editor/UNotesOptionsWindow.cs Line: 107)

Mono: successfully reloaded assembly
- Completed reload, in  1.583 seconds
Domain Reload Profiling:
	ReloadAssembly (1584ms)
		BeginReloadAssembly (121ms)
			ExecutionOrderSort (0ms)
			DisableScriptedObjects (5ms)
			BackupInstance (0ms)
			ReleaseScriptingObjects (0ms)
			CreateAndSetChildDomain (32ms)
		EndReloadAssembly (1412ms)
			LoadAssemblies (115ms)
			RebuildTransferFunctionScriptingTraits (0ms)
			SetupTypeCache (320ms)
			ReleaseScriptCaches (1ms)
			RebuildScriptCaches (71ms)
			SetupLoadedEditorAssemblies (621ms)
				LogAssemblyErrors (0ms)
				InitializePlatformSupportModulesInManaged (23ms)
				SetLoadedEditorAssemblies (2ms)
				RefreshPlugins (2ms)
				BeforeProcessingInitializeOnLoad (226ms)
				ProcessInitializeOnLoadAttributes (327ms)
				ProcessInitializeOnLoadMethodAttributes (36ms)
				AfterProcessingInitializeOnLoad (5ms)
				EditorAssembliesLoaded (0ms)
			ExecutionOrderSort2 (0ms)
			AwakeInstancesAfterBackupRestoration (13ms)
Platform modules already initialized, skipping
Refreshing native plugins compatible for Editor in 1.09 ms, found 3 plugins.
Preloading 0 native plugins for Editor in 0.00 ms.
Unloading 2374 Unused Serialized files (Serialized files now loaded: 0)
System memory in use before: 111.3 MB.
System memory in use after: 111.4 MB.

Unloading 23 unused Assets to reduce memory usage. Loaded Objects now: 2838.
Total: 6.690100 ms (FindLiveObjects: 0.306900 ms CreateObjectMapping: 0.269000 ms MarkObjects: 5.898200 ms  DeleteObjects: 0.214100 ms)

AssetImportParameters requested are different than current active one (requested -> active):
  custom:framework-win-MediaFoundation: 216162199b28c13a410421893ffa2e32 -> 
  custom:video-decoder-ogg-theora: a1e56fd34408186e4bbccfd4996cb3dc -> 
  custom:container-muxer-webm: aa71ff27fc2769a1b78a27578f13a17b -> 
  custom:container-demuxer-webm: 4f35f7cbe854078d1ac9338744f61a02 -> 
  custom:container-demuxer-ogg: 62fdf1f143b41e24485cea50d1cbac27 -> 
  custom:video-encoder-webm-vp8: eb34c28f22e8b96e1ab97ce403110664 -> 
  custom:video-decoder-webm-vp8: 9c59270c3fd7afecdb556c50c9e8de78 -> 
  custom:audio-decoder-ogg-vorbis: bf7c407c2cedff20999df2af8eb42d56 -> 
  custom:audio-encoder-webm-vorbis: bf7c407c2cedff20999df2af8eb42d56 -> 
========================================================================
Received Import Request.
  Time since last request: 22.164188 seconds.
  path: Assets/Scenes/Stage02.unity
  artifactKey: Guid(7851f3a32c378c041ab3cc4fd7e66ffd) Importer(815301076,1909f56bfc062723c751e8b465ee728b)
Start importing Assets/Scenes/Stage02.unity using Guid(7851f3a32c378c041ab3cc4fd7e66ffd) Importer(815301076,1909f56bfc062723c751e8b465ee728b)  -> (artifact id: '8efdb822044c00cb1725ccc0de1ef874') in 0.009731 seconds 
========================================================================
Received Import Request.
  Time since last request: 19.385364 seconds.
  path: Assets/Scenes/Stage01.unity
  artifactKey: Guid(d4e359317e39cb442ad3dfc98731ccb5) Importer(815301076,1909f56bfc062723c751e8b465ee728b)
Start importing Assets/Scenes/Stage01.unity using Guid(d4e359317e39cb442ad3dfc98731ccb5) Importer(815301076,1909f56bfc062723c751e8b465ee728b)  -> (artifact id: '7aad64552720aa495a7b1a7e3fdd98b1') in 0.007744 seconds 
========================================================================
Received Prepare
Registering precompiled user dll's ...
Registered in 0.003406 seconds.
Begin MonoManager ReloadAssembly
Native extension for WindowsStandalone target not found
Native extension for WebGL target not found
Refreshing native plugins compatible for Editor in 0.57 ms, found 3 plugins.
Preloading 0 native plugins for Editor in 0.00 ms.
UNotes: Loading options from D:\Unity_\Project\MarichaShooter/ProjectSettings/UNotesOptions.dat
UnityEngine.StackTraceUtility:ExtractStackTrace ()
UnityEngine.DebugLogHandler:LogFormat (UnityEngine.LogType,UnityEngine.Object,string,object[])
UnityEngine.Logger:Log (UnityEngine.LogType,object)
UnityEngine.Debug:Log (object)
UNotesOptions:Load () (at Assets/Editor/UNotesOptionsWindow.cs:96)
UNotesOptions:get_instance () (at Assets/Editor/UNotesOptionsWindow.cs:66)
UNotesHInventory:LoadOrCreate () (at Assets/Editor/UNotesHInventory.cs:459)
UNotesHInventory:.cctor () (at Assets/Editor/UNotesHInventory.cs:79)
System.Runtime.CompilerServices.RuntimeHelpers:RunClassConstructor (System.RuntimeTypeHandle)
UnityEditor.EditorAssemblies:ProcessInitializeOnLoadAttributes (System.Type[])

(Filename: Assets/Editor/UNotesOptionsWindow.cs Line: 96)

D:\Unity_\Project\MarichaShooter/ProjectSettings/UNotesOptions.dat file does not found.
UnityEngine.StackTraceUtility:ExtractStackTrace ()
UnityEngine.DebugLogHandler:LogFormat (UnityEngine.LogType,UnityEngine.Object,string,object[])
UnityEngine.Logger:Log (UnityEngine.LogType,object)
UnityEngine.Debug:LogWarning (object)
UNotesOptions:Load () (at Assets/Editor/UNotesOptionsWindow.cs:107)
UNotesOptions:get_instance () (at Assets/Editor/UNotesOptionsWindow.cs:66)
UNotesHInventory:LoadOrCreate () (at Assets/Editor/UNotesHInventory.cs:459)
UNotesHInventory:.cctor () (at Assets/Editor/UNotesHInventory.cs:79)
System.Runtime.CompilerServices.RuntimeHelpers:RunClassConstructor (System.RuntimeTypeHandle)
UnityEditor.EditorAssemblies:ProcessInitializeOnLoadAttributes (System.Type[])

(Filename: Assets/Editor/UNotesOptionsWindow.cs Line: 107)

Mono: successfully reloaded assembly
- Completed reload, in  1.086 seconds
Domain Reload Profiling:
	ReloadAssembly (1086ms)
		BeginReloadAssembly (123ms)
			ExecutionOrderSort (0ms)
			DisableScriptedObjects (5ms)
			BackupInstance (0ms)
			ReleaseScriptingObjects (0ms)
			CreateAndSetChildDomain (30ms)
		EndReloadAssembly (911ms)
			LoadAssemblies (148ms)
			RebuildTransferFunctionScriptingTraits (0ms)
			SetupTypeCache (303ms)
			ReleaseScriptCaches (1ms)
			RebuildScriptCaches (57ms)
			SetupLoadedEditorAssemblies (346ms)
				LogAssemblyErrors (0ms)
				InitializePlatformSupportModulesInManaged (5ms)
				SetLoadedEditorAssemblies (0ms)
				RefreshPlugins (1ms)
				BeforeProcessingInitializeOnLoad (70ms)
				ProcessInitializeOnLoadAttributes (258ms)
				ProcessInitializeOnLoadMethodAttributes (9ms)
				AfterProcessingInitializeOnLoad (2ms)
				EditorAssembliesLoaded (0ms)
			ExecutionOrderSort2 (0ms)
			AwakeInstancesAfterBackupRestoration (8ms)
Platform modules already initialized, skipping
Refreshing native plugins compatible for Editor in 0.54 ms, found 3 plugins.
Preloading 0 native plugins for Editor in 0.00 ms.
Unloading 2374 Unused Serialized files (Serialized files now loaded: 0)
System memory in use before: 111.2 MB.
System memory in use after: 111.3 MB.

Unloading 22 unused Assets to reduce memory usage. Loaded Objects now: 2841.
Total: 5.759800 ms (FindLiveObjects: 0.285700 ms CreateObjectMapping: 0.181600 ms MarkObjects: 5.095100 ms  DeleteObjects: 0.195800 ms)

AssetImportParameters requested are different than current active one (requested -> active):
  custom:framework-win-MediaFoundation: 216162199b28c13a410421893ffa2e32 -> 
  custom:video-decoder-ogg-theora: a1e56fd34408186e4bbccfd4996cb3dc -> 
  custom:container-muxer-webm: aa71ff27fc2769a1b78a27578f13a17b -> 
  custom:container-demuxer-webm: 4f35f7cbe854078d1ac9338744f61a02 -> 
  custom:container-demuxer-ogg: 62fdf1f143b41e24485cea50d1cbac27 -> 
  custom:video-encoder-webm-vp8: eb34c28f22e8b96e1ab97ce403110664 -> 
  custom:video-decoder-webm-vp8: 9c59270c3fd7afecdb556c50c9e8de78 -> 
  custom:audio-decoder-ogg-vorbis: bf7c407c2cedff20999df2af8eb42d56 -> 
  custom:audio-encoder-webm-vorbis: bf7c407c2cedff20999df2af8eb42d56 -> 
========================================================================
Received Import Request.
  Time since last request: 29.000174 seconds.
  path: Assets/Scenes/Stage03.unity
  artifactKey: Guid(eaf2563903a483246812d66194accbab) Importer(815301076,1909f56bfc062723c751e8b465ee728b)
Start importing Assets/Scenes/Stage03.unity using Guid(eaf2563903a483246812d66194accbab) Importer(815301076,1909f56bfc062723c751e8b465ee728b)  -> (artifact id: '6d0842a076af7dedb1f26a1b86e4fbf4') in 0.010247 seconds 
========================================================================
Received Import Request.
  Time since last request: 20.852736 seconds.
  path: Assets/Scenes/Stage01.unity
  artifactKey: Guid(d4e359317e39cb442ad3dfc98731ccb5) Importer(815301076,1909f56bfc062723c751e8b465ee728b)
Start importing Assets/Scenes/Stage01.unity using Guid(d4e359317e39cb442ad3dfc98731ccb5) Importer(815301076,1909f56bfc062723c751e8b465ee728b)  -> (artifact id: '57c9bd0b9f9099d62e490271bc410082') in 0.003518 seconds 
========================================================================
Received Import Request.
  Time since last request: 24.534292 seconds.
  path: Assets/Scenes/Stage01.unity
  artifactKey: Guid(d4e359317e39cb442ad3dfc98731ccb5) Importer(815301076,1909f56bfc062723c751e8b465ee728b)
Start importing Assets/Scenes/Stage01.unity using Guid(d4e359317e39cb442ad3dfc98731ccb5) Importer(815301076,1909f56bfc062723c751e8b465ee728b)  -> (artifact id: 'e4a45df808242e956f4abec5758864cc') in 0.002309 seconds 
========================================================================
Received Import Request.
  Time since last request: 16.697394 seconds.
  path: Assets/Scenes/Stage01.unity
  artifactKey: Guid(d4e359317e39cb442ad3dfc98731ccb5) Importer(815301076,1909f56bfc062723c751e8b465ee728b)
Start importing Assets/Scenes/Stage01.unity using Guid(d4e359317e39cb442ad3dfc98731ccb5) Importer(815301076,1909f56bfc062723c751e8b465ee728b)  -> (artifact id: '56a17704b16c6171ed7f51c32346fcba') in 0.002258 seconds 
AssetImportWorkerClient::OnTransportError - code=2 error=End of file
